生成启动时间为 2017/7/16 星期日 20:30:46。
     1>项目“D:\Documents\Austrilia project\Genaration\Genaration\Genaration.vcxproj”在节点 2 上(Build 个目标)。
     1>ClCompile:
         D:\Program Files (x86)\Microsoft Visual Studio 12.0\VC\bin\x86_amd64\CL.exe /c /Zi /nologo /W3 /WX- /sdl /O2 /Oi /GL /D _CRT_SECURE_NO_WARNINGS /D _MBCS /Gm- /EHsc /MD /GS /Gy /fp:precise /Zc:wchar_t /Zc:forScope /Fo"x64\Release\\" /Fd"x64\Release\vc120.pdb" /Gd /TP /errorReport:prompt main.cpp
         main.cpp
     1>D:\Documents\Austrilia project\opencv\build\include\opencv2/core/mat.hpp(2586): warning C4819: 该文件包含不能在当前代码页(936)中表示的字符。请将该文件保存为 Unicode 格式以防止数据丢失
     1>D:\Documents\Austrilia project\opencv\build\include\opencv2/core/persistence.hpp : warning C4819: 该文件包含不能在当前代码页(936)中表示的字符。请将该文件保存为 Unicode 格式以防止数据丢失
     1>D:\Documents\Austrilia project\opencv\build\include\opencv2/core/utility.hpp : warning C4819: 该文件包含不能在当前代码页(936)中表示的字符。请将该文件保存为 Unicode 格式以防止数据丢失
     1>D:\Documents\Austrilia project\opencv\build\include\opencv2/imgproc.hpp(592): warning C4819: 该文件包含不能在当前代码页(936)中表示的字符。请将该文件保存为 Unicode 格式以防止数据丢失
       Link:
         D:\Program Files (x86)\Microsoft Visual Studio 12.0\VC\bin\x86_amd64\link.exe /ERRORREPORT:PROMPT /OUT:"D:\Documents\Austrilia project\Genaration\x64\Release\Genaration.exe" /NOLOGO opencv_world320.lib kernel32.lib user32.lib gdi32.lib winspool.lib comdlg32.lib advapi32.lib shell32.lib ole32.lib oleaut32.lib uuid.lib odbc32.lib odbccp32.lib /MANIFEST /MANIFESTUAC:"level='asInvoker' uiAccess='false'" /manifest:embed /DEBUG /PDB:"D:\Documents\Austrilia project\Genaration\x64\Release\Genaration.pdb" /OPT:REF /OPT:ICF /LTCG /TLBID:1 /DYNAMICBASE /NXCOMPAT /IMPLIB:"D:\Documents\Austrilia project\Genaration\x64\Release\Genaration.lib" /MACHINE:X64 x64\Release\main.obj
         x64\Release\tinystr.obj
         x64\Release\tinyxml.obj
         x64\Release\tinyxmlerror.obj
         x64\Release\tinyxmlparser.obj
         正在生成代码
         已完成代码的生成
         Genaration.vcxproj -> D:\Documents\Austrilia project\Genaration\x64\Release\Genaration.exe
     1>已完成生成项目“D:\Documents\Austrilia project\Genaration\Genaration\Genaration.vcxproj”(Build 个目标)的操作。

生成成功。

已用时间 00:00:14.46
